Determining if the include file pthread.h exists failed with the following output:
Change Dir: C:/CazeMattan/University/3rd_year/5th_semester/Animation/cmake-build-debug/CMakeFiles/CMakeTmp

Run Build Command(s):C:/Program Files/JetBrains/CLion 2021.3.2/bin/ninja/win/ninja.exe cmTC_ab506 && [1/2] Building C object CMakeFiles\cmTC_ab506.dir\CheckIncludeFile.c.obj
FAILED: CMakeFiles/cmTC_ab506.dir/CheckIncludeFile.c.obj 
C:\PROGRA~1\MICROS~4\2022\COMMUN~1\VC\Tools\MSVC\1435~1.322\bin\Hostx64\x64\cl.exe  /nologo   /DWIN32 /D_WINDOWS /W3  /MDd /Zi /Ob0 /Od /RTC1 /showIncludes /FoCMakeFiles\cmTC_ab506.dir\CheckIncludeFile.c.obj /FdCMakeFiles\cmTC_ab506.dir\ /FS -c C:\CazeMattan\University\3rd_year\5th_semester\Animation\cmake-build-debug\CMakeFiles\CMakeTmp\CheckIncludeFile.c
C:\CazeMattan\University\3rd_year\5th_semester\Animation\cmake-build-debug\CMakeFiles\CMakeTmp\CheckIncludeFile.c(1): fatal error C1083: Cannot open include file: 'pthread.h': No such file or directory
ninja: build stopped: subcommand failed.



Performing C++ SOURCE FILE Test COMPILER_HAS_DEPRECATED_ATTR failed with the following output:
Change Dir: C:/CazeMattan/University/3rd_year/5th_semester/Animation/cmake-build-debug/CMakeFiles/CMakeTmp

Run Build Command(s):C:/Program Files/JetBrains/CLion 2021.3.2/bin/ninja/win/ninja.exe cmTC_906b0 && [1/2] Building CXX object CMakeFiles\cmTC_906b0.dir\src.cxx.obj
FAILED: CMakeFiles/cmTC_906b0.dir/src.cxx.obj 
C:\PROGRA~1\MICROS~4\2022\COMMUN~1\VC\Tools\MSVC\1435~1.322\bin\Hostx64\x64\cl.exe  /nologo /TP -DCOMPILER_HAS_DEPRECATED_ATTR  /DWIN32 /D_WINDOWS /W3 /GR /EHsc  /MDd /Zi /Ob0 /Od /RTC1 /showIncludes /FoCMakeFiles\cmTC_906b0.dir\src.cxx.obj /FdCMakeFiles\cmTC_906b0.dir\ /FS -c C:\CazeMattan\University\3rd_year\5th_semester\Animation\cmake-build-debug\CMakeFiles\CMakeTmp\src.cxx
C:\CazeMattan\University\3rd_year\5th_semester\Animation\cmake-build-debug\CMakeFiles\CMakeTmp\src.cxx(1): error C2065: '__deprecated__': undeclared identifier
C:\CazeMattan\University\3rd_year\5th_semester\Animation\cmake-build-debug\CMakeFiles\CMakeTmp\src.cxx(1): error C4430: missing type specifier - int assumed. Note: C++ does not support default-int
C:\CazeMattan\University\3rd_year\5th_semester\Animation\cmake-build-debug\CMakeFiles\CMakeTmp\src.cxx(1): error C2062: type 'int' unexpected
C:\CazeMattan\University\3rd_year\5th_semester\Animation\cmake-build-debug\CMakeFiles\CMakeTmp\src.cxx(1): error C2143: syntax error: missing ';' before '{'
C:\CazeMattan\University\3rd_year\5th_semester\Animation\cmake-build-debug\CMakeFiles\CMakeTmp\src.cxx(1): error C2447: '{': missing function header (old-style formal list?)
C:\CazeMattan\University\3rd_year\5th_semester\Animation\cmake-build-debug\CMakeFiles\CMakeTmp\src.cxx(2): error C3861: 'somefunc': identifier not found
ninja: build stopped: subcommand failed.


Source file was:
__attribute__((__deprecated__)) int somefunc() { return 0; }
    int main() { return somefunc();}
